<?xml version="1.0" encoding="UTF-8"?>
<!-- Generated by org.testng.reporters.JUnitReportReporter -->
<testsuite hostname="DESKTOP-FMDH7KP" failures="0" tests="1" name="com.TataCliq.GetProductDetailsTest" time="18.666" errors="0" timestamp="30 Aug 2022 07:37:06 GMT" skipped="0">
  <testcase classname="com.TataCliq.GetProductDetailsTest" name="getProductDetailsTest" time="18.666"/>
</testsuite> <!-- com.TataCliq.GetProductDetailsTest -->
